-------------------------------------------------------------------------------
Test set: TrainClasses.StationNetworkTest
-------------------------------------------------------------------------------
Tests run: 3, Failures: 1, Errors: 0, Skipped: 0, Time elapsed: 0.002 sec <<< FAILURE!
read(TrainClasses.StationNetworkTest)  Time elapsed: 0.001 sec  <<< FAILURE!
java.lang.AssertionError: expected:<Graph: 12 vertices, 18 edges
Station{name='A', code='1', latitude=0.0, longitude=0.0} (0): 
      (Central) - Station{name='A', code='Central', latitude=2.0, longitude=3.31}
      (1) - 5.0 - Station{name='B', code='1', latitude=0.0, longitude=0.0}
      (1) - 3.0 - Station{name='C', code='1', latitude=0.0, longitude=0.0}

Station{name='A', code='Central', latitude=2.0, longitude=3.31} (1): 
      (Central) - Station{name='A', code='1', latitude=0.0, longitude=0.0}

Station{name='B', code='1', latitude=0.0, longitude=0.0} (2): 
      (Central) - Station{name='B', code='Central', latitude=5.33, longitude=6.66}
      (1) - 8.0 - Station{name='A', code='1', latitude=0.0, longitude=0.0}

Station{name='B', code='Central', latitude=5.33, longitude=6.66} (3): 
      (Central) - Station{name='B', code='1', latitude=0.0, longitude=0.0}

Station{name='C', code='1', latitude=0.0, longitude=0.0} (4): 
      (Central) - Station{name='C', code='Central', latitude=8.1, longitude=9.9}

Station{name='C', code='Central', latitude=8.1, longitude=9.9} (5): 
      (Central) - Station{name='C', code='1', latitude=0.0, longitude=0.0}

Station{name='D', code='2', latitude=0.0, longitude=0.0} (6): 
      (Central) - Station{name='D', code='Central', latitude=14.0, longitude=22.0}
      (2) - 2.0 - Station{name='E', code='2', latitude=0.0, longitude=0.0}

Station{name='D', code='Central', latitude=14.0, longitude=22.0} (7): 
      (Central) - Station{name='D', code='2', latitude=0.0, longitude=0.0}

Station{name='E', code='2', latitude=0.0, longitude=0.0} (8): 
      (Central) - Station{name='E', code='Central', latitude=123.0, longitude=2.5}
      (2) - 4.0 - Station{name='F', code='2', latitude=0.0, longitude=0.0}

Station{name='E', code='Central', latitude=123.0, longitude=2.5} (9): 
      (Central) - Station{name='E', code='2', latitude=0.0, longitude=0.0}

Station{name='F', code='2', latitude=0.0, longitude=0.0} (10): 
      (Central) - Station{name='F', code='Central', latitude=8.1, longitude=9.2}
      (2) - 2.0 - Station{name='D', code='2', latitude=0.0, longitude=0.0}

Station{name='F', code='Central', latitude=8.1, longitude=9.2} (11): 
      (Central) - Station{name='F', code='2', latitude=0.0, longitude=0.0}

> but was:<Graph: 12 vertices, 12 edges
Station{name='A', code='Central', latitude=2.0, longitude=3.31} (0): 
      (Central) - Station{name='A', code='1', latitude=0.0, longitude=0.0}

Station{name='B', code='Central', latitude=5.33, longitude=6.66} (1): 
      (Central) - Station{name='B', code='1', latitude=0.0, longitude=0.0}

Station{name='C', code='Central', latitude=8.1, longitude=9.9} (2): 
      (Central) - Station{name='C', code='1', latitude=0.0, longitude=0.0}

Station{name='D', code='Central', latitude=14.0, longitude=22.0} (3): 
      (Central) - Station{name='D', code='2', latitude=0.0, longitude=0.0}

Station{name='E', code='Central', latitude=123.0, longitude=2.5} (4): 
      (Central) - Station{name='E', code='2', latitude=0.0, longitude=0.0}

Station{name='F', code='Central', latitude=8.1, longitude=9.2} (5): 
      (Central) - Station{name='F', code='2', latitude=0.0, longitude=0.0}

Station{name='A', code='1', latitude=0.0, longitude=0.0} (6): 
      (1) - 5.0 - Station{name='B', code='1', latitude=0.0, longitude=0.0}
      (1) - 3.0 - Station{name='C', code='1', latitude=0.0, longitude=0.0}

Station{name='B', code='1', latitude=0.0, longitude=0.0} (7): 
      (1) - 8.0 - Station{name='A', code='1', latitude=0.0, longitude=0.0}

Station{name='C', code='1', latitude=0.0, longitude=0.0} (8): 

Station{name='D', code='2', latitude=0.0, longitude=0.0} (9): 
      (1) - 2.0 - Station{name='E', code='2', latitude=0.0, longitude=0.0}

Station{name='E', code='2', latitude=0.0, longitude=0.0} (10): 
      (1) - 4.0 - Station{name='F', code='2', latitude=0.0, longitude=0.0}

Station{name='F', code='2', latitude=0.0, longitude=0.0} (11): 
      (1) - 2.0 - Station{name='D', code='2', latitude=0.0, longitude=0.0}

>
	at org.junit.Assert.fail(Assert.java:88)
	at org.junit.Assert.failNotEquals(Assert.java:834)
	at org.junit.Assert.assertEquals(Assert.java:118)
	at org.junit.Assert.assertEquals(Assert.java:144)
	at TrainClasses.StationNetworkTest.read(StationNetworkTest.java:74)
	at sun.reflect.NativeMethodAccessorImpl.invoke0(Native Method)
	at sun.reflect.NativeMethodAccessorImpl.invoke(NativeMethodAccessorImpl.java:62)
	at sun.reflect.DelegatingMethodAccessorImpl.invoke(DelegatingMethodAccessorImpl.java:43)
	at java.lang.reflect.Method.invoke(Method.java:498)
	at org.junit.runners.model.FrameworkMethod$1.runReflectiveCall(FrameworkMethod.java:50)
	at org.junit.internal.runners.model.ReflectiveCallable.run(ReflectiveCallable.java:12)
	at org.junit.runners.model.FrameworkMethod.invokeExplosively(FrameworkMethod.java:47)
	at org.junit.internal.runners.statements.InvokeMethod.evaluate(InvokeMethod.java:17)
	at org.junit.runners.ParentRunner.runLeaf(ParentRunner.java:325)
	at org.junit.runners.BlockJUnit4ClassRunner.runChild(BlockJUnit4ClassRunner.java:78)
	at org.junit.runners.BlockJUnit4ClassRunner.runChild(BlockJUnit4ClassRunner.java:57)
	at org.junit.runners.ParentRunner$3.run(ParentRunner.java:290)
	at org.junit.runners.ParentRunner$1.schedule(ParentRunner.java:71)
	at org.junit.runners.ParentRunner.runChildren(ParentRunner.java:288)
	at org.junit.runners.ParentRunner.access$000(ParentRunner.java:58)
	at org.junit.runners.ParentRunner$2.evaluate(ParentRunner.java:268)
	at org.junit.runners.ParentRunner.run(ParentRunner.java:363)
	at org.apache.maven.surefire.junit4.JUnit4Provider.execute(JUnit4Provider.java:252)
	at org.apache.maven.surefire.junit4.JUnit4Provider.executeTestSet(JUnit4Provider.java:141)
	at org.apache.maven.surefire.junit4.JUnit4Provider.invoke(JUnit4Provider.java:112)
	at sun.reflect.NativeMethodAccessorImpl.invoke0(Native Method)
	at sun.reflect.NativeMethodAccessorImpl.invoke(NativeMethodAccessorImpl.java:62)
	at sun.reflect.DelegatingMethodAccessorImpl.invoke(DelegatingMethodAccessorImpl.java:43)
	at java.lang.reflect.Method.invoke(Method.java:498)
	at org.apache.maven.surefire.util.ReflectionUtils.invokeMethodWithArray(ReflectionUtils.java:189)
	at org.apache.maven.surefire.booter.ProviderFactory$ProviderProxy.invoke(ProviderFactory.java:165)
	at org.apache.maven.surefire.booter.ProviderFactory.invokeProvider(ProviderFactory.java:85)
	at org.apache.maven.surefire.booter.ForkedBooter.runSuitesInProcess(ForkedBooter.java:115)
	at org.apache.maven.surefire.booter.ForkedBooter.main(ForkedBooter.java:75)

